Build started 2016-11-09 15:16:17.
     1>Project "C:\CanCollege\AUTOSAR4\_S3_Communication\Solution\MyECU\MyECU.vcxproj" on node 2 (Build target(s)).
     1>ClCompile:
         C:\Program Files (x86)\Microsoft Visual Studio 12.0\VC\bin\CL.exe /c /I..\..\..\BSW\BswM /I..\..\..\BSW\CanIf /I..\..\..\BSW\CanNm /I..\..\..\BSW\VttCANoeEmu /I..\..\..\BSW\CanSM /I..\..\..\BSW\Com /I..\..\..\BSW\ComM /I..\..\..\BSW\Vtt_Common /I..\..\..\BSW\Crc /I..\..\..\BSW\Dem /I..\..\..\BSW\Det /I..\..\..\BSW\EcuM /I..\..\..\BSW\Fee /I..\..\Appl\GenDataVtt /I..\..\Appl\GenDataVtt/Components /I..\..\..\BSW\MemIf /I..\..\..\BSW\Nm /I..\..\..\BSW\NvM /I..\..\..\BSW\PduR /I..\..\Appl\GenDataVtt\Components /I..\..\..\BSW\VStdLib /I..\..\..\BSW\VttCan /I..\..\..\BSW\VTTCntrl /I..\..\..\BSW\VttDio /I..\..\..\BSW\VttFls /I..\..\..\BSW\VttMcu /I..\..\..\BSW\VttOs /I..\..\Appl\Source /I..\..\Appl\Include /I..\..\..\BSW\Vtt_Common /Zi /nologo /W3 /WX- /MP /Od /Oy- /D _DEBUG /D WIN32 /D _WINDOWS /D _USRDLL /D VVIRTUALTARGET /D RTE_VFB_TRACE /D _USING_V110_SDK71_ /D _WINDLL /D _MBCS /Gm- /EHsc /RTC1 /MTd /GS /fp:precise /Zc:wchar_t /Zc:forScope /Fo"Debug_vc120\\" /Fd"Debug_vc120\vc120.pdb" /Gd /TC /analyze- /errorReport:prompt /we4013  ..\..\..\BSW\BswM\BswM.c ..\..\Appl\GenDataVtt\BswM_Lcfg.c ..\..\Appl\GenDataVtt\BswM_PBcfg.c ..\..\Appl\Source\BswM_Callout_Stubs.c ..\..\..\BSW\CanIf\CanIf.c ..\..\Appl\GenDataVtt\CanIf_Lcfg.c ..\..\Appl\GenDataVtt\CanIf_PBcfg.c ..\..\..\BSW\CanNm\CanNm.c ..\..\Appl\GenDataVtt\CanNm_Cfg.c ..\..\Appl\GenDataVtt\CanNm_Lcfg.c ..\..\Appl\GenDataVtt\CanNm_PBcfg.c ..\..\Appl\GenDataVtt\CANoeEmu_cfg.c ..\..\..\BSW\CanSM\CanSM.c ..\..\Appl\GenDataVtt\CanSM_Lcfg.c ..\..\..\BSW\Com\Com.c ..\..\Appl\GenDataVtt\Com_Lcfg.c ..\..\Appl\GenDataVtt\Com_PBcfg.c ..\..\..\BSW\ComM\ComM.c ..\..\Appl\GenDataVtt\ComM_Lcfg.c ..\..\Appl\GenDataVtt\ComM_PBcfg.c ..\..\..\BSW\Crc\Crc.c ..\..\..\BSW\Dem\Dem.c ..\..\Appl\GenDataVtt\Dem_Lcfg.c ..\..\Appl\GenDataVtt\Dem_PBcfg.c ..\..\..\BSW\Det\Det.c ..\..\..\BSW\EcuM\EcuM.c ..\..\Appl\GenDataVtt\EcuM_Cfg.c ..\..\Appl\GenDataVtt\EcuM_Init_PBcfg.c ..\..\Appl\GenDataVtt\EcuM_PBcfg.c ..\..\Appl\Source\EcuM_Callout_Stubs.c ..\..\..\BSW\Fee\Fee.c ..\..\..\BSW\Fee\Fee_ChunkInfo.c ..\..\..\BSW\Fee\Fee_Partition.c ..\..\..\BSW\Fee\Fee_Sector.c ..\..\..\BSW\Fee\Fee_Processing.c ..\..\Appl\GenDataVtt\Fee_Lcfg.c ..\..\..\BSW\MemIf\MemIf.c ..\..\Appl\GenDataVtt\MemIf_Cfg.c ..\..\..\BSW\Nm\Nm.c ..\..\Appl\GenDataVtt\Nm_Cfg.c ..\..\Appl\GenDataVtt\Nm_Lcfg.c ..\..\..\BSW\NvM\NvM.c ..\..\..\BSW\NvM\NvM_Act.c ..\..\..\BSW\NvM\NvM_Crc.c ..\..\..\BSW\NvM\NvM_JobProc.c ..\..\..\BSW\NvM\NvM_Qry.c ..\..\..\BSW\NvM\NvM_Queue.c ..\..\Appl\GenDataVtt\NvM_Cfg.c ..\..\..\BSW\PduR\PduR.c ..\..\Appl\GenDataVtt\PduR_Lcfg.c ..\..\Appl\GenDataVtt\PduR_PBcfg.c ..\..\Appl\GenDataVtt\Rte.c ..\..\Appl\Source\Rte_Hook.c ..\..\..\BSW\VStdLib\vstdlib.c ..\..\..\BSW\VttCan\Can.c ..\..\..\BSW\VttCan\Can_Irq.c ..\..\..\BSW\VttCntrl\VttCntrl_Can.c ..\..\Appl\GenDataVtt\Can_Lcfg.c ..\..\Appl\GenDataVtt\Can_PBcfg.c ..\..\Appl\GenDataVtt\VttCntrl_Can_Cfg.c ..\..\..\BSW\VTTCntrl\VttCntrl_Det.c ..\..\..\BSW\VTTCntrl\VttCntrl_Base.c ..\..\..\BSW\VttDio\Dio.c ..\..\Appl\GenDataVtt\Dio_PBcfg.c ..\..\..\BSW\VTTCntrl\VttCntrl_Dio.c ..\..\Appl\GenDataVtt\VttCntrl_Dio_Cfg.c ..\..\..\BSW\VttFls\Fls.c ..\..\Appl\GenDataVtt\Fls_Lcfg.c ..\..\..\BSW\VTTCntrl\VttCntrl_Fls.c ..\..\Appl\GenDataVtt\VttCntrl_Fls_Cfg.c ..\..\..\BSW\VttMcu\Mcu.c ..\..\Appl\GenDataVtt\Mcu_PBcfg.c ..\..\..\BSW\VTTCntrl\VttCntrl_Mcu.c ..\..\Appl\GenDataVtt\tcb.c ..\..\Appl\GenDataVtt\msg.c ..\..\Appl\GenDataVtt\trustfct.c ..\..\Appl\Source\Os_Callout_Stubs.c ..\..\Appl\GenDataVtt\VTTOs_Hardware_Timer.c ..\..\Appl\Source\CtApMySwc.c ..\..\Appl\Source\CtSaDoor.c ..\..\Appl\Source\CtSaInteriorLight.c ..\..\Appl\Source\CtCddIoHwAb.c ..\..\Appl\Source\Main.c ..\..\Appl\Source\VttSysVars.c ..\..\Appl\GenDataVtt\Vtt_Hook.c
         BswM.c
         BswM_Lcfg.c
         BswM_PBcfg.c
         BswM_Callout_Stubs.c
         CanIf.c
         CanIf_Lcfg.c
         CanIf_PBcfg.c
         CanNm.c
         CanNm_Cfg.c
         CanNm_Lcfg.c
         CanNm_PBcfg.c
         CANoeEmu_cfg.c
         CanSM.c
         CanSM_Lcfg.c
         Com.c
         Com_Lcfg.c
         Com_PBcfg.c
         ComM.c
         ComM_Lcfg.c
         ComM_PBcfg.c
         Crc.c
         Dem.c
         Dem_Lcfg.c
         Dem_PBcfg.c
         Det.c
         EcuM.c
         EcuM_Cfg.c
         EcuM_Init_PBcfg.c
         EcuM_PBcfg.c
         EcuM_Callout_Stubs.c
         Fee.c
         Fee_ChunkInfo.c
         Fee_Partition.c
         Fee_Sector.c
         Fee_Processing.c
         Fee_Lcfg.c
         MemIf.c
         MemIf_Cfg.c
         Nm.c
         Nm_Cfg.c
         Nm_Lcfg.c
         NvM.c
         NvM_Act.c
         NvM_Crc.c
         NvM_JobProc.c
         NvM_Qry.c
         NvM_Queue.c
         NvM_Cfg.c
         PduR.c
         PduR_Lcfg.c
         PduR_PBcfg.c
         Rte.c
         Rte_Hook.c
         vstdlib.c
         Can.c
         Can_Irq.c
         VttCntrl_Can.c
         Can_Lcfg.c
         Can_PBcfg.c
         VttCntrl_Can_Cfg.c
         VttCntrl_Det.c
         VttCntrl_Base.c
         Dio.c
         Dio_PBcfg.c
         VttCntrl_Dio.c
         VttCntrl_Dio_Cfg.c
         Fls.c
         Fls_Lcfg.c
         VttCntrl_Fls.c
         VttCntrl_Fls_Cfg.c
         Mcu.c
         Mcu_PBcfg.c
         VttCntrl_Mcu.c
         tcb.c
         msg.c
         trustfct.c
         Os_Callout_Stubs.c
         VTTOs_Hardware_Timer.c
         CtApMySwc.c
         CtSaDoor.c
         CtSaInteriorLight.c
         CtCddIoHwAb.c
         Main.c
         VttSysVars.c
         Vtt_Hook.c
       ResourceCompile:
         C:\Program Files (x86)\Microsoft SDKs\Windows\v7.1A\bin\rc.exe /D _USING_V110_SDK71_ /l"0x0409" /nologo /fo"Debug_vc120\CANoeEmu.res" ..\..\Appl\GenDataVtt\CANoeEmu.rc 
       Link:
         C:\Program Files (x86)\Microsoft Visual Studio 12.0\VC\bin\link.exe /ERRORREPORT:PROMPT /OUT:"C:\CanCollege\AUTOSAR4\_S3_Communication\Solution\Debug_vc120\MyECU.dll" /INCREMENTAL:NO /NOLOGO /LIBPATH:..\..\..\BSW\VttCANoeEmu /LIBPATH:..\..\..\BSW\VttOs CanoeEmu_VC120_D.lib OsekEmu_VC100_XD.lib kernel32.lib user32.lib gdi32.lib winspool.lib comdlg32.lib advapi32.lib shell32.lib ole32.lib oleaut32.lib uuid.lib odbc32.lib odbccp32.lib /DEF:"..\..\..\BSW\VttCANoeEmu\CANoeEmu.def" /MANIFEST /MANIFESTUAC:"level='asInvoker' uiAccess='false'" /manifest:embed /DEBUG /PDB:"C:\CanCollege\AUTOSAR4\_S3_Communication\Solution\Debug_vc120\MyECU.pdb" /MAP /SUBSYSTEM:WINDOWS,"5.01" /TLBID:1 /BASE:"0x0" /DYNAMICBASE /NXCOMPAT /IMPLIB:"C:\CanCollege\AUTOSAR4\_S3_Communication\Solution\Debug_vc120\MyECU.lib" /MACHINE:X86  /IGNORE:4099 /DLL Debug_vc120\CANoeEmu.res
         Debug_vc120\BswM.obj
         Debug_vc120\BswM_Lcfg.obj
         Debug_vc120\BswM_PBcfg.obj
         Debug_vc120\BswM_Callout_Stubs.obj
         Debug_vc120\CanIf.obj
         Debug_vc120\CanIf_Lcfg.obj
         Debug_vc120\CanIf_PBcfg.obj
         Debug_vc120\CanNm.obj
         Debug_vc120\CanNm_Cfg.obj
         Debug_vc120\CanNm_Lcfg.obj
         Debug_vc120\CanNm_PBcfg.obj
         Debug_vc120\CANoeEmu_cfg.obj
         Debug_vc120\CanSM.obj
         Debug_vc120\CanSM_Lcfg.obj
         Debug_vc120\Com.obj
         Debug_vc120\Com_Lcfg.obj
         Debug_vc120\Com_PBcfg.obj
         Debug_vc120\ComM.obj
         Debug_vc120\ComM_Lcfg.obj
         Debug_vc120\ComM_PBcfg.obj
         Debug_vc120\Crc.obj
         Debug_vc120\Dem.obj
         Debug_vc120\Dem_Lcfg.obj
         Debug_vc120\Dem_PBcfg.obj
         Debug_vc120\Det.obj
         Debug_vc120\EcuM.obj
         Debug_vc120\EcuM_Cfg.obj
         Debug_vc120\EcuM_Init_PBcfg.obj
         Debug_vc120\EcuM_PBcfg.obj
         Debug_vc120\EcuM_Callout_Stubs.obj
         Debug_vc120\Fee.obj
         Debug_vc120\Fee_ChunkInfo.obj
         Debug_vc120\Fee_Partition.obj
         Debug_vc120\Fee_Sector.obj
         Debug_vc120\Fee_Processing.obj
         Debug_vc120\Fee_Lcfg.obj
         Debug_vc120\MemIf.obj
         Debug_vc120\MemIf_Cfg.obj
         Debug_vc120\Nm.obj
         Debug_vc120\Nm_Cfg.obj
         Debug_vc120\Nm_Lcfg.obj
         Debug_vc120\NvM.obj
         Debug_vc120\NvM_Act.obj
         Debug_vc120\NvM_Crc.obj
         Debug_vc120\NvM_JobProc.obj
         Debug_vc120\NvM_Qry.obj
         Debug_vc120\NvM_Queue.obj
         Debug_vc120\NvM_Cfg.obj
         Debug_vc120\PduR.obj
         Debug_vc120\PduR_Lcfg.obj
         Debug_vc120\PduR_PBcfg.obj
         Debug_vc120\Rte.obj
         Debug_vc120\Rte_Hook.obj
         Debug_vc120\vstdlib.obj
         Debug_vc120\Can.obj
         Debug_vc120\Can_Irq.obj
         Debug_vc120\VttCntrl_Can.obj
         Debug_vc120\Can_Lcfg.obj
         Debug_vc120\Can_PBcfg.obj
         Debug_vc120\VttCntrl_Can_Cfg.obj
         Debug_vc120\VttCntrl_Det.obj
         Debug_vc120\VttCntrl_Base.obj
         Debug_vc120\Dio.obj
         Debug_vc120\Dio_PBcfg.obj
         Debug_vc120\VttCntrl_Dio.obj
         Debug_vc120\VttCntrl_Dio_Cfg.obj
         Debug_vc120\Fls.obj
         Debug_vc120\Fls_Lcfg.obj
         Debug_vc120\VttCntrl_Fls.obj
         Debug_vc120\VttCntrl_Fls_Cfg.obj
         Debug_vc120\Mcu.obj
         Debug_vc120\Mcu_PBcfg.obj
         Debug_vc120\VttCntrl_Mcu.obj
         Debug_vc120\tcb.obj
         Debug_vc120\msg.obj
         Debug_vc120\trustfct.obj
         Debug_vc120\Os_Callout_Stubs.obj
         Debug_vc120\VTTOs_Hardware_Timer.obj
         Debug_vc120\CtApMySwc.obj
         Debug_vc120\CtSaDoor.obj
         Debug_vc120\CtSaInteriorLight.obj
         Debug_vc120\CtCddIoHwAb.obj
         Debug_vc120\Main.obj
         Debug_vc120\VttSysVars.obj
         Debug_vc120\Vtt_Hook.obj
            Creating library C:\CanCollege\AUTOSAR4\_S3_Communication\Solution\Debug_vc120\MyECU.lib and object C:\CanCollege\AUTOSAR4\_S3_Communication\Solution\Debug_vc120\MyECU.exp
         MyECU.vcxproj -> C:\CanCollege\AUTOSAR4\_S3_Communication\Solution\Debug_vc120\MyECU.dll
     1>Done Building Project "C:\CanCollege\AUTOSAR4\_S3_Communication\Solution\MyECU\MyECU.vcxproj" (Build target(s)).

Build succeeded.

Time Elapsed 00:00:06.38
