c:\cancollege\autosar4\_s6_diagnostics\solution\myecu\debug_vc120\vc120.pdb
c:\cancollege\autosar4\_s6_diagnostics\solution\myecu\debug_vc120\vc120.idb
c:\cancollege\autosar4\_s6_diagnostics\solution\myecu\debug_vc120\cansm.obj
c:\cancollege\autosar4\_s6_diagnostics\solution\myecu\debug_vc120\comm.obj
c:\cancollege\autosar4\_s6_diagnostics\solution\myecu\debug_vc120\dcm.obj
c:\cancollege\autosar4\_s6_diagnostics\solution\myecu\debug_vc120\ecum.obj
c:\cancollege\autosar4\_s6_diagnostics\solution\myecu\debug_vc120\nm.obj
c:\cancollege\autosar4\_s6_diagnostics\solution\myecu\debug_vc120\bswm_lcfg.obj
c:\cancollege\autosar4\_s6_diagnostics\solution\myecu\debug_vc120\bswm_pbcfg.obj
c:\cancollege\autosar4\_s6_diagnostics\solution\myecu\debug_vc120\cansm_lcfg.obj
c:\cancollege\autosar4\_s6_diagnostics\solution\myecu\debug_vc120\comm_lcfg.obj
c:\cancollege\autosar4\_s6_diagnostics\solution\myecu\debug_vc120\comm_pbcfg.obj
c:\cancollege\autosar4\_s6_diagnostics\solution\myecu\debug_vc120\dcm_lcfg.obj
c:\cancollege\autosar4\_s6_diagnostics\solution\myecu\debug_vc120\dcm_pbcfg.obj
c:\cancollege\autosar4\_s6_diagnostics\solution\myecu\debug_vc120\ecum_cfg.obj
c:\cancollege\autosar4\_s6_diagnostics\solution\myecu\debug_vc120\nm_cfg.obj
c:\cancollege\autosar4\_s6_diagnostics\solution\myecu\debug_vc120\rte.obj
c:\cancollege\autosar4\_s6_diagnostics\solution\myecu\debug_vc120\vtt_hook.obj
c:\cancollege\autosar4\_s6_diagnostics\solution\myecu\debug_vc120\bswm_callout_stubs.obj
c:\cancollege\autosar4\_s6_diagnostics\solution\myecu\debug_vc120\ctapmyswc.obj
c:\cancollege\autosar4\_s6_diagnostics\solution\myecu\debug_vc120\ecum_callout_stubs.obj
c:\cancollege\autosar4\_s6_diagnostics\solution\myecu\debug_vc120\main.obj
c:\cancollege\autosar4\_s6_diagnostics\solution\myecu\debug_vc120\bswm.obj
c:\cancollege\autosar4\_s6_diagnostics\solution\myecu\debug_vc120\ecum_init_pbcfg.obj
c:\cancollege\autosar4\_s6_diagnostics\solution\myecu\debug_vc120\ecum_pbcfg.obj
c:\cancollege\autosar4\_s6_diagnostics\solution\myecu\debug_vc120\fee_lcfg.obj
c:\cancollege\autosar4\_s6_diagnostics\solution\myecu\debug_vc120\fls_lcfg.obj
c:\cancollege\autosar4\_s6_diagnostics\solution\myecu\debug_vc120\nvm_cfg.obj
c:\cancollege\autosar4\_s6_diagnostics\solution\myecu\debug_vc120\pdur_lcfg.obj
c:\cancollege\autosar4\_s6_diagnostics\solution\myecu\debug_vc120\pdur_pbcfg.obj
c:\cancollege\autosar4\_s6_diagnostics\solution\myecu\debug_vc120\vttcntrl_fls_cfg.obj
c:\cancollege\autosar4\_s6_diagnostics\solution\myecu\debug_vc120\ctcddiohwab.obj
c:\cancollege\autosar4\_s6_diagnostics\solution\myecu\debug_vc120\ctsadisplay.obj
c:\cancollege\autosar4\_s6_diagnostics\solution\myecu\debug_vc120\ctsadoor.obj
c:\cancollege\autosar4\_s6_diagnostics\solution\myecu\debug_vc120\ctsainteriorlight.obj
c:\cancollege\autosar4\_s6_diagnostics\solution\myecu\debug_vc120\os_callout_stubs.obj
c:\cancollege\autosar4\_s6_diagnostics\solution\myecu\debug_vc120\fls.obj
c:\cancollege\autosar4\_s6_diagnostics\solution\myecu\debug_vc120\canoeemu_cfg.obj
c:\cancollege\autosar4\_s6_diagnostics\solution\myecu\debug_vc120\canif_lcfg.obj
c:\cancollege\autosar4\_s6_diagnostics\solution\myecu\debug_vc120\canif_pbcfg.obj
c:\cancollege\autosar4\_s6_diagnostics\solution\myecu\debug_vc120\cannm_cfg.obj
c:\cancollege\autosar4\_s6_diagnostics\solution\myecu\debug_vc120\cantp_lcfg.obj
c:\cancollege\autosar4\_s6_diagnostics\solution\myecu\debug_vc120\cantp_pbcfg.obj
c:\cancollege\autosar4\_s6_diagnostics\solution\myecu\debug_vc120\can_lcfg.obj
c:\cancollege\autosar4\_s6_diagnostics\solution\myecu\debug_vc120\can_pbcfg.obj
c:\cancollege\autosar4\_s6_diagnostics\solution\myecu\debug_vc120\com_lcfg.obj
c:\cancollege\autosar4\_s6_diagnostics\solution\myecu\debug_vc120\dem_lcfg.obj
c:\cancollege\autosar4\_s6_diagnostics\solution\myecu\debug_vc120\dem_pbcfg.obj
c:\cancollege\autosar4\_s6_diagnostics\solution\myecu\debug_vc120\dem.obj
c:\cancollege\autosar4\_s6_diagnostics\solution\myecu\debug_vc120\det.obj
c:\cancollege\autosar4\_s6_diagnostics\solution\myecu\debug_vc120\fee.obj
c:\cancollege\autosar4\_s6_diagnostics\solution\myecu\debug_vc120\fee_processing.obj
c:\cancollege\autosar4\_s6_diagnostics\solution\myecu\debug_vc120\fee_sector.obj
c:\cancollege\autosar4\_s6_diagnostics\solution\myecu\debug_vc120\nvm.obj
c:\cancollege\autosar4\_s6_diagnostics\solution\myecu\debug_vc120\nvm_act.obj
c:\cancollege\autosar4\_s6_diagnostics\solution\myecu\debug_vc120\nvm_crc.obj
c:\cancollege\autosar4\_s6_diagnostics\solution\myecu\debug_vc120\nvm_jobproc.obj
c:\cancollege\autosar4\_s6_diagnostics\solution\myecu\debug_vc120\nvm_qry.obj
c:\cancollege\autosar4\_s6_diagnostics\solution\myecu\debug_vc120\nvm_queue.obj
c:\cancollege\autosar4\_s6_diagnostics\solution\myecu\debug_vc120\pdur.obj
c:\cancollege\autosar4\_s6_diagnostics\solution\myecu\debug_vc120\vttcntrl_base.obj
c:\cancollege\autosar4\_s6_diagnostics\solution\myecu\debug_vc120\vttcntrl_det.obj
c:\cancollege\autosar4\_s6_diagnostics\solution\myecu\debug_vc120\vttcntrl_fls.obj
c:\cancollege\autosar4\_s6_diagnostics\solution\myecu\debug_vc120\can.obj
c:\cancollege\autosar4\_s6_diagnostics\solution\myecu\debug_vc120\can_irq.obj
c:\cancollege\autosar4\_s6_diagnostics\solution\myecu\debug_vc120\vttcntrl_can.obj
c:\cancollege\autosar4\_s6_diagnostics\solution\myecu\debug_vc120\canif.obj
c:\cancollege\autosar4\_s6_diagnostics\solution\myecu\debug_vc120\cannm.obj
c:\cancollege\autosar4\_s6_diagnostics\solution\myecu\debug_vc120\cantp.obj
c:\cancollege\autosar4\_s6_diagnostics\solution\myecu\debug_vc120\com.obj
c:\cancollege\autosar4\_s6_diagnostics\solution\myecu\debug_vc120\dcm_ext.obj
c:\cancollege\autosar4\_s6_diagnostics\solution\myecu\debug_vc120\memif_cfg.obj
c:\cancollege\autosar4\_s6_diagnostics\solution\myecu\debug_vc120\mcu_pbcfg.obj
c:\cancollege\autosar4\_s6_diagnostics\solution\myecu\debug_vc120\vttos_hardware_timer.obj
c:\cancollege\autosar4\_s6_diagnostics\solution\myecu\debug_vc120\fee_partition.obj
c:\cancollege\autosar4\_s6_diagnostics\solution\myecu\debug_vc120\mcu.obj
c:\cancollege\autosar4\_s6_diagnostics\solution\myecu\debug_vc120\tcb.obj
c:\cancollege\autosar4\_s6_diagnostics\solution\myecu\debug_vc120\vttsysvars.obj
c:\cancollege\autosar4\_s6_diagnostics\solution\myecu\debug_vc120\com_pbcfg.obj
c:\cancollege\autosar4\_s6_diagnostics\solution\myecu\debug_vc120\rte_hook.obj
c:\cancollege\autosar4\_s6_diagnostics\solution\myecu\debug_vc120\vstdlib.obj
c:\cancollege\autosar4\_s6_diagnostics\solution\myecu\debug_vc120\vttcntrl_dio.obj
c:\cancollege\autosar4\_s6_diagnostics\solution\myecu\debug_vc120\msg.obj
c:\cancollege\autosar4\_s6_diagnostics\solution\myecu\debug_vc120\vttcntrl_mcu.obj
c:\cancollege\autosar4\_s6_diagnostics\solution\myecu\debug_vc120\trustfct.obj
c:\cancollege\autosar4\_s6_diagnostics\solution\myecu\debug_vc120\fee_chunkinfo.obj
c:\cancollege\autosar4\_s6_diagnostics\solution\myecu\debug_vc120\nm_lcfg.obj
c:\cancollege\autosar4\_s6_diagnostics\solution\myecu\debug_vc120\dio_pbcfg.obj
c:\cancollege\autosar4\_s6_diagnostics\solution\myecu\debug_vc120\cannm_pbcfg.obj
c:\cancollege\autosar4\_s6_diagnostics\solution\myecu\debug_vc120\crc.obj
c:\cancollege\autosar4\_s6_diagnostics\solution\myecu\debug_vc120\vttcntrl_can_cfg.obj
c:\cancollege\autosar4\_s6_diagnostics\solution\myecu\debug_vc120\cannm_lcfg.obj
c:\cancollege\autosar4\_s6_diagnostics\solution\myecu\debug_vc120\memif.obj
c:\cancollege\autosar4\_s6_diagnostics\solution\myecu\debug_vc120\dio.obj
c:\cancollege\autosar4\_s6_diagnostics\solution\myecu\debug_vc120\vttcntrl_dio_cfg.obj
c:\cancollege\autosar4\_s6_diagnostics\solution\debug_vc120\myecu.dll
c:\cancollege\autosar4\_s6_diagnostics\solution\debug_vc120\myecu.map
c:\cancollege\autosar4\_s6_diagnostics\solution\debug_vc120\myecu.pdb
c:\cancollege\autosar4\_s6_diagnostics\solution\debug_vc120\myecu.lib
c:\cancollege\autosar4\_s6_diagnostics\solution\debug_vc120\myecu.exp
c:\cancollege\autosar4\_s6_diagnostics\solution\myecu\debug_vc120\canoeemu.res
c:\cancollege\autosar4\_s6_diagnostics\solution\myecu\debug_vc120\myecu.tlog\cl.command.1.tlog
c:\cancollege\autosar4\_s6_diagnostics\solution\myecu\debug_vc120\myecu.tlog\cl.read.1.tlog
c:\cancollege\autosar4\_s6_diagnostics\solution\myecu\debug_vc120\myecu.tlog\cl.write.1.tlog
c:\cancollege\autosar4\_s6_diagnostics\solution\myecu\debug_vc120\myecu.tlog\link.command.1.tlog
c:\cancollege\autosar4\_s6_diagnostics\solution\myecu\debug_vc120\myecu.tlog\link.read.1.tlog
c:\cancollege\autosar4\_s6_diagnostics\solution\myecu\debug_vc120\myecu.tlog\link.write.1.tlog
c:\cancollege\autosar4\_s6_diagnostics\solution\myecu\debug_vc120\myecu.tlog\myecu.write.1u.tlog
c:\cancollege\autosar4\_s6_diagnostics\solution\myecu\debug_vc120\myecu.tlog\rc.command.1.tlog
c:\cancollege\autosar4\_s6_diagnostics\solution\myecu\debug_vc120\myecu.tlog\rc.read.1.tlog
c:\cancollege\autosar4\_s6_diagnostics\solution\myecu\debug_vc120\myecu.tlog\rc.write.1.tlog
